{"$message_type":"diagnostic","message":"no method named `to_info` found for struct `Wallet` in the current scope","code":{"code":"E0599","explanation":"This error occurs when a method is used on a type which doesn't implement it:\n\nErroneous code example:\n\n```compile_fail,E0599\nstruct Mouth;\n\nlet x = Mouth;\nx.chocolate(); // error: no method named `chocolate` found for type `Mouth`\n               //        in the current scope\n```\n\nIn this case, you need to implement the `chocolate` method to fix the error:\n\n```\nstruct Mouth;\n\nimpl Mouth {\n    fn chocolate(&self) { // We implement the `chocolate` method here.\n        println!(\"Hmmm! I love chocolate!\");\n    }\n}\n\nlet x = Mouth;\nx.chocolate(); // ok!\n```\n"},"level":"error","spans":[{"file_name":"src\\api.rs","byte_start":1161,"byte_end":1168,"line_start":45,"line_end":45,"column_start":28,"column_end":35,"is_primary":true,"text":[{"text":"    ok(\"wallet created\", w.to_info())","highlight_start":28,"highlight_end":35}],"label":"method not found in `Wallet`","suggested_replacement":null,"suggestion_applicability":null,"expansion":null},{"file_name":"src\\wallet.rs","byte_start":688,"byte_end":705,"line_start":16,"line_end":16,"column_start":1,"column_end":18,"is_primary":false,"text":[{"text":"pub struct Wallet {","highlight_start":1,"highlight_end":18}],"label":"method `to_info` not found for this struct","suggested_replacement":null,"suggestion_applicability":null,"expansion":null}],"children":[],"rendered":"\u001b[1m\u001b[91merror[E0599]\u001b[0m\u001b[1m\u001b[97m: no method named `to_info` found for struct `Wallet` in the current scope\u001b[0m\n  \u001b[1m\u001b[96m--> \u001b[0msrc\\api.rs:45:28\n   \u001b[1m\u001b[96m|\u001b[0m\n\u001b[1m\u001b[96m45\u001b[0m \u001b[1m\u001b[96m|\u001b[0m     ok(\"wallet created\", w.to_info())\n   \u001b[1m\u001b[96m|\u001b[0m                            \u001b[1m\u001b[91m^^^^^^^\u001b[0m \u001b[1m\u001b[91mmethod not found in `Wallet`\u001b[0m\n   \u001b[1m\u001b[96m|\u001b[0m\n  \u001b[1m\u001b[96m::: \u001b[0msrc\\wallet.rs:16:1\n   \u001b[1m\u001b[96m|\u001b[0m\n\u001b[1m\u001b[96m16\u001b[0m \u001b[1m\u001b[96m|\u001b[0m pub struct Wallet {\n   \u001b[1m\u001b[96m|\u001b[0m \u001b[1m\u001b[96m-----------------\u001b[0m \u001b[1m\u001b[96mmethod `to_info` not found for this struct\u001b[0m\n\n"}
{"$message_type":"diagnostic","message":"no function or associated item named `from_private_key_hex` found for struct `Wallet` in the current scope","code":{"code":"E0599","explanation":"This error occurs when a method is used on a type which doesn't implement it:\n\nErroneous code example:\n\n```compile_fail,E0599\nstruct Mouth;\n\nlet x = Mouth;\nx.chocolate(); // error: no method named `chocolate` found for type `Mouth`\n               //        in the current scope\n```\n\nIn this case, you need to implement the `chocolate` method to fix the error:\n\n```\nstruct Mouth;\n\nimpl Mouth {\n    fn chocolate(&self) { // We implement the `chocolate` method here.\n        println!(\"Hmmm! I love chocolate!\");\n    }\n}\n\nlet x = Mouth;\nx.chocolate(); // ok!\n```\n"},"level":"error","spans":[{"file_name":"src\\api.rs","byte_start":1405,"byte_end":1425,"line_start":54,"line_end":54,"column_start":32,"column_end":52,"is_primary":true,"text":[{"text":"    let wallet = match Wallet::from_private_key_hex(&body.private_key_hex) {","highlight_start":32,"highlight_end":52}],"label":"function or associated item not found in `Wallet`","suggested_replacement":null,"suggestion_applicability":null,"expansion":null},{"file_name":"src\\wallet.rs","byte_start":688,"byte_end":705,"line_start":16,"line_end":16,"column_start":1,"column_end":18,"is_primary":false,"text":[{"text":"pub struct Wallet {","highlight_start":1,"highlight_end":18}],"label":"function or associated item `from_private_key_hex` not found for this struct","suggested_replacement":null,"suggestion_applicability":null,"expansion":null}],"children":[{"message":"if you're trying to build a new `Wallet`, consider using `Wallet::new` which returns `Wallet`","code":null,"level":"note","spans":[{"file_name":"src\\wallet.rs","byte_start":987,"byte_end":1007,"line_start":25,"line_end":25,"column_start":5,"column_end":25,"is_primary":true,"text":[{"text":"    pub fn new() -> Self {","highlight_start":5,"highlight_end":25}],"label":null,"suggested_replacement":null,"suggestion_applicability":null,"expansion":null}],"children":[],"rendered":null}],"rendered":"\u001b[1m\u001b[91merror[E0599]\u001b[0m\u001b[1m\u001b[97m: no function or associated item named `from_private_key_hex` found for struct `Wallet` in the current scope\u001b[0m\n  \u001b[1m\u001b[96m--> \u001b[0msrc\\api.rs:54:32\n   \u001b[1m\u001b[96m|\u001b[0m\n\u001b[1m\u001b[96m54\u001b[0m \u001b[1m\u001b[96m|\u001b[0m     let wallet = match Wallet::from_private_key_hex(&body.private_key_hex) {\n   \u001b[1m\u001b[96m|\u001b[0m                                \u001b[1m\u001b[91m^^^^^^^^^^^^^^^^^^^^\u001b[0m \u001b[1m\u001b[91mfunction or associated item not found in `Wallet`\u001b[0m\n   \u001b[1m\u001b[96m|\u001b[0m\n  \u001b[1m\u001b[96m::: \u001b[0msrc\\wallet.rs:16:1\n   \u001b[1m\u001b[96m|\u001b[0m\n\u001b[1m\u001b[96m16\u001b[0m \u001b[1m\u001b[96m|\u001b[0m pub struct Wallet {\n   \u001b[1m\u001b[96m|\u001b[0m \u001b[1m\u001b[96m-----------------\u001b[0m \u001b[1m\u001b[96mfunction or associated item `from_private_key_hex` not found for this struct\u001b[0m\n   \u001b[1m\u001b[96m|\u001b[0m\n\u001b[1m\u001b[92mnote\u001b[0m: if you're trying to build a new `Wallet`, consider using `Wallet::new` which returns `Wallet`\n  \u001b[1m\u001b[96m--> \u001b[0msrc\\wallet.rs:25:5\n   \u001b[1m\u001b[96m|\u001b[0m\n\u001b[1m\u001b[96m25\u001b[0m \u001b[1m\u001b[96m|\u001b[0m     pub fn new() -> Self {\n   \u001b[1m\u001b[96m|\u001b[0m     \u001b[1m\u001b[92m^^^^^^^^^^^^^^^^^^^^\u001b[0m\n\n"}
{"$message_type":"diagnostic","message":"the size for values of type `str` cannot be known at compilation time","code":{"code":"E0277","explanation":"You tried to use a type which doesn't implement some trait in a place which\nexpected that trait.\n\nErroneous code example:\n\n```compile_fail,E0277\n// here we declare the Foo trait with a bar method\ntrait Foo {\n    fn bar(&self);\n}\n\n// we now declare a function which takes an object implementing the Foo trait\nfn some_func<T: Foo>(foo: T) {\n    foo.bar();\n}\n\nfn main() {\n    // we now call the method with the i32 type, which doesn't implement\n    // the Foo trait\n    some_func(5i32); // error: the trait bound `i32 : Foo` is not satisfied\n}\n```\n\nIn order to fix this error, verify that the type you're using does implement\nthe trait. Example:\n\n```\ntrait Foo {\n    fn bar(&self);\n}\n\n// we implement the trait on the i32 type\nimpl Foo for i32 {\n    fn bar(&self) {}\n}\n\nfn some_func<T: Foo>(foo: T) {\n    foo.bar(); // we can now use this method since i32 implements the\n               // Foo trait\n}\n\nfn main() {\n    some_func(5i32); // ok!\n}\n```\n\nOr in a generic context, an erroneous code example would look like:\n\n```compile_fail,E0277\nfn some_func<T>(foo: T) {\n    println!(\"{:?}\", foo); // error: the trait `core::fmt::Debug` is not\n                           //        implemented for the type `T`\n}\n\nfn main() {\n    // We now call the method with the i32 type,\n    // which *does* implement the Debug trait.\n    some_func(5i32);\n}\n```\n\nNote that the error here is in the definition of the generic function. Although\nwe only call it with a parameter that does implement `Debug`, the compiler\nstill rejects the function. It must work with all possible input types. In\norder to make this example compile, we need to restrict the generic type we're\naccepting:\n\n```\nuse std::fmt;\n\n// Restrict the input type to types that implement Debug.\nfn some_func<T: fmt::Debug>(foo: T) {\n    println!(\"{:?}\", foo);\n}\n\nfn main() {\n    // Calling the method is still fine, as i32 implements Debug.\n    some_func(5i32);\n\n    // This would fail to compile now:\n    // struct WithoutDebug;\n    // some_func(WithoutDebug);\n}\n```\n\nRust only looks at the signature of the called function, as such it must\nalready specify all requirements that will be used for every type parameter.\n"},"level":"error","spans":[{"file_name":"src\\api.rs","byte_start":1485,"byte_end":1486,"line_start":56,"line_end":56,"column_start":13,"column_end":14,"is_primary":true,"text":[{"text":"        Err(e) => return err(&e),","highlight_start":13,"highlight_end":14}],"label":"doesn't have a size known at compile-time","suggested_replacement":null,"suggestion_applicability":null,"expansion":null}],"children":[{"message":"the trait `std::marker::Sized` is not implemented for `str`","code":null,"level":"help","spans":[],"children":[],"rendered":null},{"message":"all local variables must have a statically known size","code":null,"level":"note","spans":[],"children":[],"rendered":null}],"rendered":"\u001b[1m\u001b[91merror[E0277]\u001b[0m\u001b[1m\u001b[97m: the size for values of type `str` cannot be known at compilation time\u001b[0m\n  \u001b[1m\u001b[96m--> \u001b[0msrc\\api.rs:56:13\n   \u001b[1m\u001b[96m|\u001b[0m\n\u001b[1m\u001b[96m56\u001b[0m \u001b[1m\u001b[96m|\u001b[0m         Err(e) => return err(&e),\n   \u001b[1m\u001b[96m|\u001b[0m             \u001b[1m\u001b[91m^\u001b[0m \u001b[1m\u001b[91mdoesn't have a size known at compile-time\u001b[0m\n   \u001b[1m\u001b[96m|\u001b[0m\n   \u001b[1m\u001b[96m= \u001b[0m\u001b[1m\u001b[97mhelp\u001b[0m: the trait `std::marker::Sized` is not implemented for `str`\n   \u001b[1m\u001b[96m= \u001b[0m\u001b[1m\u001b[97mnote\u001b[0m: all local variables must have a statically known size\n\n"}
{"$message_type":"diagnostic","message":"the size for values of type `str` cannot be known at compilation time","code":{"code":"E0277","explanation":"You tried to use a type which doesn't implement some trait in a place which\nexpected that trait.\n\nErroneous code example:\n\n```compile_fail,E0277\n// here we declare the Foo trait with a bar method\ntrait Foo {\n    fn bar(&self);\n}\n\n// we now declare a function which takes an object implementing the Foo trait\nfn some_func<T: Foo>(foo: T) {\n    foo.bar();\n}\n\nfn main() {\n    // we now call the method with the i32 type, which doesn't implement\n    // the Foo trait\n    some_func(5i32); // error: the trait bound `i32 : Foo` is not satisfied\n}\n```\n\nIn order to fix this error, verify that the type you're using does implement\nthe trait. Example:\n\n```\ntrait Foo {\n    fn bar(&self);\n}\n\n// we implement the trait on the i32 type\nimpl Foo for i32 {\n    fn bar(&self) {}\n}\n\nfn some_func<T: Foo>(foo: T) {\n    foo.bar(); // we can now use this method since i32 implements the\n               // Foo trait\n}\n\nfn main() {\n    some_func(5i32); // ok!\n}\n```\n\nOr in a generic context, an erroneous code example would look like:\n\n```compile_fail,E0277\nfn some_func<T>(foo: T) {\n    println!(\"{:?}\", foo); // error: the trait `core::fmt::Debug` is not\n                           //        implemented for the type `T`\n}\n\nfn main() {\n    // We now call the method with the i32 type,\n    // which *does* implement the Debug trait.\n    some_func(5i32);\n}\n```\n\nNote that the error here is in the definition of the generic function. Although\nwe only call it with a parameter that does implement `Debug`, the compiler\nstill rejects the function. It must work with all possible input types. In\norder to make this example compile, we need to restrict the generic type we're\naccepting:\n\n```\nuse std::fmt;\n\n// Restrict the input type to types that implement Debug.\nfn some_func<T: fmt::Debug>(foo: T) {\n    println!(\"{:?}\", foo);\n}\n\nfn main() {\n    // Calling the method is still fine, as i32 implements Debug.\n    some_func(5i32);\n\n    // This would fail to compile now:\n    // struct WithoutDebug;\n    // some_func(WithoutDebug);\n}\n```\n\nRust only looks at the signature of the called function, as such it must\nalready specify all requirements that will be used for every type parameter.\n"},"level":"error","spans":[{"file_name":"src\\api.rs","byte_start":1481,"byte_end":1487,"line_start":56,"line_end":56,"column_start":9,"column_end":15,"is_primary":true,"text":[{"text":"        Err(e) => return err(&e),","highlight_start":9,"highlight_end":15}],"label":"doesn't have a size known at compile-time","suggested_replacement":null,"suggestion_applicability":null,"expansion":null}],"children":[{"message":"the trait `std::marker::Sized` is not implemented for `str`","code":null,"level":"help","spans":[],"children":[],"rendered":null},{"message":"required by a bound in `Err`","code":null,"level":"note","spans":[{"file_name":"C:\\Users\\NITHISH\\.rustup\\toolchains\\stable-x86_64-pc-windows-msvc\\lib/rustlib/src/rust\\library\\core\\src\\result.rs","byte_start":21514,"byte_end":21517,"line_start":566,"line_end":566,"column_start":5,"column_end":8,"is_primary":false,"text":[{"text":"    Err(#[stable(feature = \"rust1\", since = \"1.0.0\")] E),","highlight_start":5,"highlight_end":8}],"label":"required by a bound in this tuple variant","suggested_replacement":null,"suggestion_applicability":null,"expansion":null},{"file_name":"C:\\Users\\NITHISH\\.rustup\\toolchains\\stable-x86_64-pc-windows-msvc\\lib/rustlib/src/rust\\library\\core\\src\\result.rs","byte_start":21240,"byte_end":21241,"line_start":557,"line_end":557,"column_start":20,"column_end":21,"is_primary":true,"text":[{"text":"pub enum Result<T, E> {","highlight_start":20,"highlight_end":21}],"label":"required by this bound in `Err`","suggested_replacement":null,"suggestion_applicability":null,"expansion":null}],"children":[],"rendered":null}],"rendered":"\u001b[1m\u001b[91merror[E0277]\u001b[0m\u001b[1m\u001b[97m: the size for values of type `str` cannot be known at compilation time\u001b[0m\n   \u001b[1m\u001b[96m--> \u001b[0msrc\\api.rs:56:9\n    \u001b[1m\u001b[96m|\u001b[0m\n \u001b[1m\u001b[96m56\u001b[0m \u001b[1m\u001b[96m|\u001b[0m         Err(e) => return err(&e),\n    \u001b[1m\u001b[96m|\u001b[0m         \u001b[1m\u001b[91m^^^^^^\u001b[0m \u001b[1m\u001b[91mdoesn't have a size known at compile-time\u001b[0m\n    \u001b[1m\u001b[96m|\u001b[0m\n    \u001b[1m\u001b[96m= \u001b[0m\u001b[1m\u001b[97mhelp\u001b[0m: the trait `std::marker::Sized` is not implemented for `str`\n\u001b[1m\u001b[92mnote\u001b[0m: required by a bound in `Err`\n   \u001b[1m\u001b[96m--> \u001b[0mC:\\Users\\NITHISH\\.rustup\\toolchains\\stable-x86_64-pc-windows-msvc\\lib/rustlib/src/rust\\library\\core\\src\\result.rs:557:20\n    \u001b[1m\u001b[96m|\u001b[0m\n\u001b[1m\u001b[96m557\u001b[0m \u001b[1m\u001b[96m|\u001b[0m pub enum Result<T, E> {\n    \u001b[1m\u001b[96m|\u001b[0m                    \u001b[1m\u001b[92m^\u001b[0m \u001b[1m\u001b[92mrequired by this bound in `Err`\u001b[0m\n\u001b[1m\u001b[96m...\u001b[0m\n\u001b[1m\u001b[96m566\u001b[0m \u001b[1m\u001b[96m|\u001b[0m     Err(#[stable(feature = \"rust1\", since = \"1.0.0\")] E),\n    \u001b[1m\u001b[96m|\u001b[0m     \u001b[1m\u001b[96m---\u001b[0m \u001b[1m\u001b[96mrequired by a bound in this tuple variant\u001b[0m\n\n"}
{"$message_type":"diagnostic","message":"type annotations needed","code":{"code":"E0282","explanation":"The compiler could not infer a type and asked for a type annotation.\n\nErroneous code example:\n\n```compile_fail,E0282\nlet x = Vec::new();\n```\n\nThis error indicates that type inference did not result in one unique possible\ntype, and extra information is required. In most cases this can be provided\nby adding a type annotation. Sometimes you need to specify a generic type\nparameter manually.\n\nIn the example above, type `Vec` has a type parameter `T`. When calling\n`Vec::new`, barring any other later usage of the variable `x` that allows the\ncompiler to infer what type `T` is, the compiler needs to be told what it is.\n\nThe type can be specified on the variable:\n\n```\nlet x: Vec<i32> = Vec::new();\n```\n\nThe type can also be specified in the path of the expression:\n\n```\nlet x = Vec::<i32>::new();\n```\n\nIn cases with more complex types, it is not necessary to annotate the full\ntype. Once the ambiguity is resolved, the compiler can infer the rest:\n\n```\nlet x: Vec<_> = \"hello\".chars().rev().collect();\n```\n\nAnother way to provide the compiler with enough information, is to specify the\ngeneric type parameter:\n\n```\nlet x = \"hello\".chars().rev().collect::<Vec<char>>();\n```\n\nAgain, you need not specify the full type if the compiler can infer it:\n\n```\nlet x = \"hello\".chars().rev().collect::<Vec<_>>();\n```\n\nApart from a method or function with a generic type parameter, this error can\noccur when a type parameter of a struct or trait cannot be inferred. In that\ncase it is not always possible to use a type annotation, because all candidates\nhave the same return type. For instance:\n\n```compile_fail,E0282\nstruct Foo<T> {\n    num: T,\n}\n\nimpl<T> Foo<T> {\n    fn bar() -> i32 {\n        0\n    }\n\n    fn baz() {\n        let number = Foo::bar();\n    }\n}\n```\n\nThis will fail because the compiler does not know which instance of `Foo` to\ncall `bar` on. Change `Foo::bar()` to `Foo::<T>::bar()` to resolve the error.\n"},"level":"error","spans":[{"file_name":"src\\api.rs","byte_start":1525,"byte_end":1531,"line_start":59,"line_end":59,"column_start":8,"column_end":14,"is_primary":false,"text":[{"text":"    if wallet.address() != body.from {","highlight_start":8,"highlight_end":14}],"label":"type must be known at this point","suggested_replacement":null,"suggestion_applicability":null,"expansion":null},{"file_name":"src\\api.rs","byte_start":1382,"byte_end":1388,"line_start":54,"line_end":54,"column_start":9,"column_end":15,"is_primary":true,"text":[{"text":"    let wallet = match Wallet::from_private_key_hex(&body.private_key_hex) {","highlight_start":9,"highlight_end":15}],"label":null,"suggested_replacement":null,"suggestion_applicability":null,"expansion":null}],"children":[{"message":"consider giving `wallet` an explicit type","code":null,"level":"help","spans":[{"file_name":"src\\api.rs","byte_start":1388,"byte_end":1388,"line_start":54,"line_end":54,"column_start":15,"column_end":15,"is_primary":true,"text":[{"text":"    let wallet = match Wallet::from_private_key_hex(&body.private_key_hex) {","highlight_start":15,"highlight_end":15}],"label":null,"suggested_replacement":": /* Type */","suggestion_applicability":"HasPlaceholders","expansion":null}],"children":[],"rendered":null}],"rendered":"\u001b[1m\u001b[91merror[E0282]\u001b[0m\u001b[1m\u001b[97m: type annotations needed\u001b[0m\n  \u001b[1m\u001b[96m--> \u001b[0msrc\\api.rs:54:9\n   \u001b[1m\u001b[96m|\u001b[0m\n\u001b[1m\u001b[96m54\u001b[0m \u001b[1m\u001b[96m|\u001b[0m     let wallet = match Wallet::from_private_key_hex(&body.private_key_hex) {\n   \u001b[1m\u001b[96m|\u001b[0m         \u001b[1m\u001b[91m^^^^^^\u001b[0m\n\u001b[1m\u001b[96m...\u001b[0m\n\u001b[1m\u001b[96m59\u001b[0m \u001b[1m\u001b[96m|\u001b[0m     if wallet.address() != body.from {\n   \u001b[1m\u001b[96m|\u001b[0m        \u001b[1m\u001b[96m------\u001b[0m \u001b[1m\u001b[96mtype must be known at this point\u001b[0m\n   \u001b[1m\u001b[96m|\u001b[0m\n\u001b[1m\u001b[96mhelp\u001b[0m: consider giving `wallet` an explicit type\n   \u001b[1m\u001b[96m|\u001b[0m\n\u001b[1m\u001b[96m54\u001b[0m \u001b[1m\u001b[96m| \u001b[0m    let wallet\u001b[92m: /* Type */\u001b[0m = match Wallet::from_private_key_hex(&body.private_key_hex) {\n   \u001b[1m\u001b[96m|\u001b[0m               \u001b[92m++++++++++++\u001b[0m\n\n"}
{"$message_type":"diagnostic","message":"the trait bound `Block: serde::Serialize` is not satisfied","code":{"code":"E0277","explanation":"You tried to use a type which doesn't implement some trait in a place which\nexpected that trait.\n\nErroneous code example:\n\n```compile_fail,E0277\n// here we declare the Foo trait with a bar method\ntrait Foo {\n    fn bar(&self);\n}\n\n// we now declare a function which takes an object implementing the Foo trait\nfn some_func<T: Foo>(foo: T) {\n    foo.bar();\n}\n\nfn main() {\n    // we now call the method with the i32 type, which doesn't implement\n    // the Foo trait\n    some_func(5i32); // error: the trait bound `i32 : Foo` is not satisfied\n}\n```\n\nIn order to fix this error, verify that the type you're using does implement\nthe trait. Example:\n\n```\ntrait Foo {\n    fn bar(&self);\n}\n\n// we implement the trait on the i32 type\nimpl Foo for i32 {\n    fn bar(&self) {}\n}\n\nfn some_func<T: Foo>(foo: T) {\n    foo.bar(); // we can now use this method since i32 implements the\n               // Foo trait\n}\n\nfn main() {\n    some_func(5i32); // ok!\n}\n```\n\nOr in a generic context, an erroneous code example would look like:\n\n```compile_fail,E0277\nfn some_func<T>(foo: T) {\n    println!(\"{:?}\", foo); // error: the trait `core::fmt::Debug` is not\n                           //        implemented for the type `T`\n}\n\nfn main() {\n    // We now call the method with the i32 type,\n    // which *does* implement the Debug trait.\n    some_func(5i32);\n}\n```\n\nNote that the error here is in the definition of the generic function. Although\nwe only call it with a parameter that does implement `Debug`, the compiler\nstill rejects the function. It must work with all possible input types. In\norder to make this example compile, we need to restrict the generic type we're\naccepting:\n\n```\nuse std::fmt;\n\n// Restrict the input type to types that implement Debug.\nfn some_func<T: fmt::Debug>(foo: T) {\n    println!(\"{:?}\", foo);\n}\n\nfn main() {\n    // Calling the method is still fine, as i32 implements Debug.\n    some_func(5i32);\n\n    // This would fail to compile now:\n    // struct WithoutDebug;\n    // some_func(WithoutDebug);\n}\n```\n\nRust only looks at the signature of the called function, as such it must\nalready specify all requirements that will be used for every type parameter.\n"},"level":"error","spans":[{"file_name":"src\\api.rs","byte_start":2529,"byte_end":2537,"line_start":91,"line_end":91,"column_start":29,"column_end":37,"is_primary":true,"text":[{"text":"    ok(\"here's the chain\", &bc.chain)","highlight_start":29,"highlight_end":37}],"label":"unsatisfied trait bound","suggested_replacement":null,"suggestion_applicability":null,"expansion":null},{"file_name":"src\\api.rs","byte_start":2505,"byte_end":2507,"line_start":91,"line_end":91,"column_start":5,"column_end":7,"is_primary":false,"text":[{"text":"    ok(\"here's the chain\", &bc.chain)","highlight_start":5,"highlight_end":7}],"label":"required by a bound introduced by this call","suggested_replacement":null,"suggestion_applicability":null,"expansion":null}],"children":[{"message":"the trait `api::_::_serde::Serialize` is not implemented for `Block`","code":null,"level":"help","spans":[{"file_name":"src\\block.rs","byte_start":893,"byte_end":909,"line_start":20,"line_end":20,"column_start":1,"column_end":17,"is_primary":true,"text":[{"text":"pub struct Block {","highlight_start":1,"highlight_end":17}],"label":null,"suggested_replacement":null,"suggestion_applicability":null,"expansion":null}],"children":[],"rendered":null},{"message":"for local types consider adding `#[derive(serde::Serialize)]` to your `Block` type","code":null,"level":"note","spans":[],"children":[],"rendered":null},{"message":"for types from other crates check whether the crate offers a `serde` feature flag","code":null,"level":"note","spans":[],"children":[],"rendered":null},{"message":"the following other types implement trait `api::_::_serde::Serialize`:\n  &'a T\n  &'a mut T\n  ()\n  (T,)\n  (T0, T1)\n  (T0, T1, T2)\n  (T0, T1, T2, T3)\n  (T0, T1, T2, T3, T4)\nand 133 others","code":null,"level":"help","spans":[],"children":[],"rendered":null},{"message":"required for `Vec<Block>` to implement `api::_::_serde::Serialize`","code":null,"level":"note","spans":[],"children":[],"rendered":null},{"message":"1 redundant requirement hidden","code":null,"level":"note","spans":[],"children":[],"rendered":null},{"message":"required for `&Vec<Block>` to implement `api::_::_serde::Serialize`","code":null,"level":"note","spans":[],"children":[],"rendered":null},{"message":"required by a bound in `ok`","code":null,"level":"note","spans":[{"file_name":"src\\api.rs","byte_start":761,"byte_end":770,"line_start":34,"line_end":34,"column_start":10,"column_end":19,"is_primary":true,"text":[{"text":"fn ok<T: Serialize>(msg: &str, data: T) -> HttpResponse {","highlight_start":10,"highlight_end":19}],"label":"required by this bound in `ok`","suggested_replacement":null,"suggestion_applicability":null,"expansion":null}],"children":[],"rendered":null}],"rendered":"\u001b[1m\u001b[91merror[E0277]\u001b[0m\u001b[1m\u001b[97m: the trait bound `Block: serde::Serialize` is not satisfied\u001b[0m\n  \u001b[1m\u001b[96m--> \u001b[0msrc\\api.rs:91:29\n   \u001b[1m\u001b[96m|\u001b[0m\n\u001b[1m\u001b[96m91\u001b[0m \u001b[1m\u001b[96m|\u001b[0m     ok(\"here's the chain\", &bc.chain)\n   \u001b[1m\u001b[96m|\u001b[0m     \u001b[1m\u001b[96m--\u001b[0m                      \u001b[1m\u001b[91m^^^^^^^^\u001b[0m \u001b[1m\u001b[91munsatisfied trait bound\u001b[0m\n   \u001b[1m\u001b[96m|\u001b[0m     \u001b[1m\u001b[96m|\u001b[0m\n   \u001b[1m\u001b[96m|\u001b[0m     \u001b[1m\u001b[96mrequired by a bound introduced by this call\u001b[0m\n   \u001b[1m\u001b[96m|\u001b[0m\n\u001b[1m\u001b[96mhelp\u001b[0m: the trait `api::_::_serde::Serialize` is not implemented for `Block`\n  \u001b[1m\u001b[96m--> \u001b[0msrc\\block.rs:20:1\n   \u001b[1m\u001b[96m|\u001b[0m\n\u001b[1m\u001b[96m20\u001b[0m \u001b[1m\u001b[96m|\u001b[0m pub struct Block {\n   \u001b[1m\u001b[96m|\u001b[0m \u001b[1m\u001b[96m^^^^^^^^^^^^^^^^\u001b[0m\n   \u001b[1m\u001b[96m= \u001b[0m\u001b[1m\u001b[97mnote\u001b[0m: for local types consider adding `#[derive(serde::Serialize)]` to your `Block` type\n   \u001b[1m\u001b[96m= \u001b[0m\u001b[1m\u001b[97mnote\u001b[0m: for types from other crates check whether the crate offers a `serde` feature flag\n   \u001b[1m\u001b[96m= \u001b[0m\u001b[1m\u001b[97mhelp\u001b[0m: the following other types implement trait `api::_::_serde::Serialize`:\n             &'a T\n             &'a mut T\n             ()\n             (T,)\n             (T0, T1)\n             (T0, T1, T2)\n             (T0, T1, T2, T3)\n             (T0, T1, T2, T3, T4)\n           and 133 others\n   \u001b[1m\u001b[96m= \u001b[0m\u001b[1m\u001b[97mnote\u001b[0m: required for `Vec<Block>` to implement `api::_::_serde::Serialize`\n   \u001b[1m\u001b[96m= \u001b[0m\u001b[1m\u001b[97mnote\u001b[0m: 1 redundant requirement hidden\n   \u001b[1m\u001b[96m= \u001b[0m\u001b[1m\u001b[97mnote\u001b[0m: required for `&Vec<Block>` to implement `api::_::_serde::Serialize`\n\u001b[1m\u001b[92mnote\u001b[0m: required by a bound in `ok`\n  \u001b[1m\u001b[96m--> \u001b[0msrc\\api.rs:34:10\n   \u001b[1m\u001b[96m|\u001b[0m\n\u001b[1m\u001b[96m34\u001b[0m \u001b[1m\u001b[96m|\u001b[0m fn ok<T: Serialize>(msg: &str, data: T) -> HttpResponse {\n   \u001b[1m\u001b[96m|\u001b[0m          \u001b[1m\u001b[92m^^^^^^^^^\u001b[0m \u001b[1m\u001b[92mrequired by this bound in `ok`\u001b[0m\n\n"}
{"$message_type":"diagnostic","message":"aborting due to 6 previous errors","code":null,"level":"error","spans":[],"children":[],"rendered":"\u001b[1m\u001b[91merror\u001b[0m\u001b[1m\u001b[97m: aborting due to 6 previous errors\u001b[0m\n\n"}
{"$message_type":"diagnostic","message":"Some errors have detailed explanations: E0277, E0282, E0599.","code":null,"level":"failure-note","spans":[],"children":[],"rendered":"\u001b[1m\u001b[97mSome errors have detailed explanations: E0277, E0282, E0599.\u001b[0m\n"}
{"$message_type":"diagnostic","message":"For more information about an error, try `rustc --explain E0277`.","code":null,"level":"failure-note","spans":[],"children":[],"rendered":"\u001b[1m\u001b[97mFor more information about an error, try `rustc --explain E0277`.\u001b[0m\n"}
